Traceback (most recent call last):
  File "/Users/olav/.pyenv/versions/3.12.1/envs/bb1000/lib/python3.12/site-packages/jupyter_cache/executors/utils.py", line 58, in single_nb_execution
    executenb(
  File "/Users/olav/.pyenv/versions/3.12.1/envs/bb1000/lib/python3.12/site-packages/nbclient/client.py", line 1314, in execute
    return NotebookClient(nb=nb, resources=resources, km=km, **kwargs).execute()
           ^^^^^^^^^^^^^^^^^^^^^^^^^^^^^^^^^^^^^^^^^^^^^^^^^^^^^^^^^^^^^^^^^^^^^
  File "/Users/olav/.pyenv/versions/3.12.1/envs/bb1000/lib/python3.12/site-packages/jupyter_core/utils/__init__.py", line 165, in wrapped
    return loop.run_until_complete(inner)
           ^^^^^^^^^^^^^^^^^^^^^^^^^^^^^^
  File "/Users/olav/.pyenv/versions/3.12.1/lib/python3.12/asyncio/base_events.py", line 684, in run_until_complete
    return future.result()
           ^^^^^^^^^^^^^^^
  File "/Users/olav/.pyenv/versions/3.12.1/envs/bb1000/lib/python3.12/site-packages/nbclient/client.py", line 709, in async_execute
    await self.async_execute_cell(
  File "/Users/olav/.pyenv/versions/3.12.1/envs/bb1000/lib/python3.12/site-packages/nbclient/client.py", line 1062, in async_execute_cell
    await self._check_raise_for_error(cell, cell_index, exec_reply)
  File "/Users/olav/.pyenv/versions/3.12.1/envs/bb1000/lib/python3.12/site-packages/nbclient/client.py", line 918, in _check_raise_for_error
    raise CellExecutionError.from_cell_and_msg(cell, exec_reply_content)
nbclient.exceptions.CellExecutionError: An error occurred while executing the following cell:
------------------
assert minmax2([1, 2, 3]) == (1, 3)
assert minmax2(1, 2, 3) == (1, 3)

assert minmax2(range(5)) == (0, 4)
assert minmax2(*range(5)) == (0, 4)
------------------


[0;31m---------------------------------------------------------------------------[0m
[0;31mTypeError[0m                                 Traceback (most recent call last)
Cell [0;32mIn[18], line 2[0m
[1;32m      1[0m [38;5;28;01massert[39;00m minmax2([[38;5;241m1[39m, [38;5;241m2[39m, [38;5;241m3[39m]) [38;5;241m==[39m ([38;5;241m1[39m, [38;5;241m3[39m)
[0;32m----> 2[0m [38;5;28;01massert[39;00m [43mminmax2[49m[43m([49m[38;5;241;43m1[39;49m[43m,[49m[43m [49m[38;5;241;43m2[39;49m[43m,[49m[43m [49m[38;5;241;43m3[39;49m[43m)[49m [38;5;241m==[39m ([38;5;241m1[39m, [38;5;241m3[39m)
[1;32m      4[0m [38;5;28;01massert[39;00m minmax2([38;5;28mrange[39m([38;5;241m5[39m)) [38;5;241m==[39m ([38;5;241m0[39m, [38;5;241m4[39m)
[1;32m      5[0m [38;5;28;01massert[39;00m minmax2([38;5;241m*[39m[38;5;28mrange[39m([38;5;241m5[39m)) [38;5;241m==[39m ([38;5;241m0[39m, [38;5;241m4[39m)

File [0;32m~/courses/bb1000/exams/gh/solutions/omtenta_20220819.py:39[0m, in [0;36mminmax2[0;34m(sequence, default, key)[0m
[1;32m     38[0m [38;5;28;01mdef[39;00m [38;5;21mminmax2[39m(sequence, default[38;5;241m=[39m[38;5;28;01mNone[39;00m, key[38;5;241m=[39m[38;5;28;01mNone[39;00m):
[0;32m---> 39[0m     smallest, largest [38;5;241m=[39m [43mminmax[49m[43m([49m[43msequence[49m[43m,[49m[43m [49m[43mdefault[49m[38;5;241;43m=[39;49m[43mdefault[49m[43m,[49m[43m [49m[43mkey[49m[38;5;241;43m=[39;49m[43mkey[49m[43m)[49m
[1;32m     40[0m     [38;5;28;01mreturn[39;00m MinMax(smallest, largest)

File [0;32m~/courses/bb1000/exams/gh/solutions/omtenta_20220819.py:5[0m, in [0;36mminmax[0;34m(sequence, default, key)[0m
[1;32m      4[0m [38;5;28;01mdef[39;00m [38;5;21mminmax[39m(sequence, default[38;5;241m=[39m[38;5;28;01mNone[39;00m, key[38;5;241m=[39m[38;5;28;01mNone[39;00m):
[0;32m----> 5[0m     [38;5;28;01mif[39;00m [38;5;28;43mlen[39;49m[43m([49m[43msequence[49m[43m)[49m [38;5;241m==[39m [38;5;241m0[39m:
[1;32m      6[0m         [38;5;28;01mreturn[39;00m (default, default)
[1;32m      7[0m     [38;5;28;01mreturn[39;00m [38;5;28mmin[39m(sequence, key[38;5;241m=[39mkey), [38;5;28mmax[39m(sequence, key[38;5;241m=[39mkey)

[0;31mTypeError[0m: object of type 'int' has no len()

